c:\users\siro\onedrive\documentos\github\chesstera\trabajo infor\trabajo infor\x64\debug\vc143.pdb
c:\users\siro\onedrive\documentos\github\chesstera\trabajo infor\trabajo infor\x64\debug\vc143.idb
c:\users\siro\onedrive\documentos\github\chesstera\trabajo infor\trabajo infor\x64\debug\torre.obj
c:\users\siro\onedrive\documentos\github\chesstera\trabajo infor\trabajo infor\x64\debug\texturas.obj
c:\users\siro\onedrive\documentos\github\chesstera\trabajo infor\trabajo infor\x64\debug\tablero_al.obj
c:\users\siro\onedrive\documentos\github\chesstera\trabajo infor\trabajo infor\x64\debug\tablero.obj
c:\users\siro\onedrive\documentos\github\chesstera\trabajo infor\trabajo infor\x64\debug\rey.obj
c:\users\siro\onedrive\documentos\github\chesstera\trabajo infor\trabajo infor\x64\debug\reina.obj
c:\users\siro\onedrive\documentos\github\chesstera\trabajo infor\trabajo infor\x64\debug\peon.obj
c:\users\siro\onedrive\documentos\github\chesstera\trabajo infor\trabajo infor\x64\debug\mapatexturas.obj
c:\users\siro\onedrive\documentos\github\chesstera\trabajo infor\trabajo infor\x64\debug\main_visual.obj
c:\users\siro\onedrive\documentos\github\chesstera\trabajo infor\trabajo infor\x64\debug\caballo.obj
c:\users\siro\onedrive\documentos\github\chesstera\trabajo infor\x64\debug\trabajo infor.exe
c:\users\siro\onedrive\documentos\github\chesstera\trabajo infor\x64\debug\trabajo infor.pdb
c:\users\siro\onedrive\documentos\github\chesstera\trabajo infor\trabajo infor\x64\debug\trabajo infor.ilk
c:\users\siro\onedrive\documentos\github\chesstera\trabajo infor\trabajo infor\x64\debug\trabajo infor.tlog\cl.command.1.tlog
c:\users\siro\onedrive\documentos\github\chesstera\trabajo infor\trabajo infor\x64\debug\trabajo infor.tlog\cl.items.tlog
c:\users\siro\onedrive\documentos\github\chesstera\trabajo infor\trabajo infor\x64\debug\trabajo infor.tlog\cl.read.1.tlog
c:\users\siro\onedrive\documentos\github\chesstera\trabajo infor\trabajo infor\x64\debug\trabajo infor.tlog\cl.write.1.tlog
c:\users\siro\onedrive\documentos\github\chesstera\trabajo infor\trabajo infor\x64\debug\trabajo infor.tlog\link.command.1.tlog
c:\users\siro\onedrive\documentos\github\chesstera\trabajo infor\trabajo infor\x64\debug\trabajo infor.tlog\link.read.1.tlog
c:\users\siro\onedrive\documentos\github\chesstera\trabajo infor\trabajo infor\x64\debug\trabajo infor.tlog\link.secondary.1.tlog
c:\users\siro\onedrive\documentos\github\chesstera\trabajo infor\trabajo infor\x64\debug\trabajo infor.tlog\link.write.1.tlog
