c:\users\siro\desktop\ajedrez siro\x64\debug\vc143.pdb
c:\users\siro\desktop\ajedrez siro\x64\debug\vc143.idb
c:\users\siro\desktop\ajedrez siro\x64\debug\torre.obj
c:\users\siro\desktop\ajedrez siro\x64\debug\texturas.obj
c:\users\siro\desktop\ajedrez siro\x64\debug\tablero.obj
c:\users\siro\desktop\ajedrez siro\x64\debug\rey.obj
c:\users\siro\desktop\ajedrez siro\x64\debug\reina.obj
c:\users\siro\desktop\ajedrez siro\x64\debug\peon.obj
c:\users\siro\desktop\ajedrez siro\x64\debug\mapatexturas.obj
c:\users\siro\desktop\ajedrez siro\x64\debug\main_visual.obj
c:\users\siro\desktop\ajedrez siro\x64\debug\caballo.obj
c:\users\siro\desktop\ajedrez siro\x64\debug\alfil.obj
c:\users\siro\desktop\ajedrez siro\x64\debug\ajedrez siro.ilk
c:\users\siro\desktop\ajedrez siro\x64\debug\ajedrez siro.exe
c:\users\siro\desktop\ajedrez siro\x64\debug\ajedrez siro.pdb
c:\users\siro\desktop\ajedrez siro\x64\debug\ajedrez siro.tlog\cl.command.1.tlog
c:\users\siro\desktop\ajedrez siro\x64\debug\ajedrez siro.tlog\cl.read.1.tlog
c:\users\siro\desktop\ajedrez siro\x64\debug\ajedrez siro.tlog\cl.write.1.tlog
c:\users\siro\desktop\ajedrez siro\x64\debug\ajedrez siro.tlog\link.command.1.tlog
c:\users\siro\desktop\ajedrez siro\x64\debug\ajedrez siro.tlog\link.read.1.tlog
c:\users\siro\desktop\ajedrez siro\x64\debug\ajedrez siro.tlog\link.write.1.tlog
